<?xml version="1.0" encoding="UTF-8"?>
<!-- Generated by org.testng.reporters.JUnitReportReporter -->
<testsuite hostname="DESKTOP-7JT54IJ" failures="0" tests="1" name="guru99bank.MyBank" time="57.109" errors="0" timestamp="2022-08-13T22:38:16 WAT" skipped="0">
  <testcase classname="guru99bank.MyBank" name="logintest" time="57.109"/>
  <system-out/>
</testsuite> <!-- guru99bank.MyBank -->
